<?xml version="1.0" encoding="UTF-8"?>
<!-- Generated by org.testng.reporters.JUnitXMLReporter -->
<testsuite ignored="0" hostname="LAPTOP-BG4DGN7B" failures="2" tests="2" name="Surefire test" time="13.624" errors="0" timestamp="2022-10-14T13:37:59 CEST">
  <testcase classname="TestCases" name="loginWithWrongData" time="1.426">
    <failure type="java.lang.AssertionError" message="expected [Ă—
Error message
Unrecognized username or password. Forgot your password?] but found [×
Error message
Unrecognized username or password. Forgot your password?]">
      <![CDATA[java.lang.AssertionError: expected [Ă—
Error message
Unrecognized username or password. Forgot your password?] but found [×
Error message
Unrecognized username or password. Forgot your password?]
at driver.manager.DriverUtils.asserrtion(DriverUtils.java:19)
at page.objects.LoginPage.login(LoginPage.java:45)
at TestCases.loginWithWrongData(TestCases.java:20)
at java.base/java.util.ArrayList.forEach(ArrayList.java:1540)
... Removed 38 stack frames]]>
    </failure>
  </testcase> <!-- loginWithWrongData -->
  <testcase classname="TestCases" name="registerUser" time="7.09">
    <failure type="java.lang.AssertionError" message="expected [Ă—
Status message
A welcome message with further instructions has been sent to your email address.] but found [×
Status message
A welcome message with further instructions has been sent to your email address.]">
      <![CDATA[java.lang.AssertionError: expected [Ă—
Status message
A welcome message with further instructions has been sent to your email address.] but found [×
Status message
A welcome message with further instructions has been sent to your email address.]
at driver.manager.DriverUtils.asserrtion(DriverUtils.java:19)
at page.objects.register.RegisterPage.checkAlert(RegisterPage.java:62)
at TestCases.registerUser(TestCases.java:14)
at java.base/java.util.ArrayList.forEach(ArrayList.java:1540)
... Removed 38 stack frames]]>
    </failure>
  </testcase> <!-- registerUser -->
</testsuite> <!-- Surefire test -->
